0 info it worked if it ends with ok
1 verbose cli [ 'C:\\Program Files\\nodejs\\node.exe',
1 verbose cli   'C:\\Program Files\\nodejs\\node_modules\\npm\\bin\\npm-cli.js',
1 verbose cli   'install',
1 verbose cli   'topojson' ]
2 info using npm@3.10.10
3 info using node@v6.10.0
4 verbose config Skipping project config: C:\Users\Divyansha/.npmrc. (matches userconfig)
5 silly loadCurrentTree Starting
6 silly install loadCurrentTree
7 silly install readLocalPackageData
8 silly fetchPackageMetaData topojson
9 silly fetchNamedPackageData topojson
10 silly mapToRegistry name topojson
11 silly mapToRegistry using default registry
12 silly mapToRegistry registry https://registry.npmjs.org/
13 silly mapToRegistry data Result {
13 silly mapToRegistry   raw: 'topojson',
13 silly mapToRegistry   scope: null,
13 silly mapToRegistry   escapedName: 'topojson',
13 silly mapToRegistry   name: 'topojson',
13 silly mapToRegistry   rawSpec: '',
13 silly mapToRegistry   spec: 'latest',
13 silly mapToRegistry   type: 'tag' }
14 silly mapToRegistry uri https://registry.npmjs.org/topojson
15 verbose request uri https://registry.npmjs.org/topojson
16 verbose request no auth needed
17 info attempt registry request try #1 at 6:05:29 PM
18 verbose request using bearer token for auth
19 verbose request id aba9de5692c55320
20 http request GET https://registry.npmjs.org/topojson
21 http 200 https://registry.npmjs.org/topojson
22 verbose headers { 'content-type': 'application/json; charset=UTF-8',
22 verbose headers   server: 'UploadServer',
22 verbose headers   'cache-control': 'max-age=300',
22 verbose headers   'last-modified': 'Sat, 2 Sep 2017 22:22:46 GMT',
22 verbose headers   etag: '"59ab2f36-1f5fb"',
22 verbose headers   'x-npm-region': 'US-East',
22 verbose headers   'content-encoding': 'gzip',
22 verbose headers   'content-length': '12047',
22 verbose headers   'accept-ranges': 'bytes',
22 verbose headers   date: 'Tue, 13 Mar 2018 22:05:28 GMT',
22 verbose headers   via: '1.1 varnish',
22 verbose headers   age: '13317',
22 verbose headers   connection: 'keep-alive',
22 verbose headers   'x-served-by': 'cache-bos8231-BOS',
22 verbose headers   'x-cache': 'HIT',
22 verbose headers   'x-cache-hits': '1',
22 verbose headers   'x-timer': 'S1520978728.077556,VS0,VE1',
22 verbose headers   vary: 'Accept-Encoding, Accept' }
23 silly get cb [ 200,
23 silly get   { 'content-type': 'application/json; charset=UTF-8',
23 silly get     server: 'UploadServer',
23 silly get     'cache-control': 'max-age=300',
23 silly get     'last-modified': 'Sat, 2 Sep 2017 22:22:46 GMT',
23 silly get     etag: '"59ab2f36-1f5fb"',
23 silly get     'x-npm-region': 'US-East',
23 silly get     'content-encoding': 'gzip',
23 silly get     'content-length': '12047',
23 silly get     'accept-ranges': 'bytes',
23 silly get     date: 'Tue, 13 Mar 2018 22:05:28 GMT',
23 silly get     via: '1.1 varnish',
23 silly get     age: '13317',
23 silly get     connection: 'keep-alive',
23 silly get     'x-served-by': 'cache-bos8231-BOS',
23 silly get     'x-cache': 'HIT',
23 silly get     'x-cache-hits': '1',
23 silly get     'x-timer': 'S1520978728.077556,VS0,VE1',
23 silly get     vary: 'Accept-Encoding, Accept' } ]
24 verbose get saving topojson to C:\Users\Divyansha\AppData\Roaming\npm-cache\registry.npmjs.org\topojson\.cache.json
25 verbose correctMkdir C:\Users\Divyansha\AppData\Roaming\npm-cache correctMkdir not in flight; initializing
26 silly install normalizeTree
27 silly loadCurrentTree Finishing
28 silly loadIdealTree Starting
29 silly install loadIdealTree
30 silly cloneCurrentTree Starting
31 silly install cloneCurrentTreeToIdealTree
32 silly cloneCurrentTree Finishing
33 silly loadShrinkwrap Starting
34 silly install loadShrinkwrap
35 silly loadShrinkwrap Finishing
36 silly loadAllDepsIntoIdealTree Starting
37 silly install loadAllDepsIntoIdealTree
38 silly resolveWithNewModule topojson@3.0.2 checking installable status
39 silly cache add args [ 'topojson', null ]
40 verbose cache add spec topojson
41 silly cache add parsed spec Result {
41 silly cache add   raw: 'topojson',
41 silly cache add   scope: null,
41 silly cache add   escapedName: 'topojson',
41 silly cache add   name: 'topojson',
41 silly cache add   rawSpec: '',
41 silly cache add   spec: 'latest',
41 silly cache add   type: 'tag' }
42 silly addNamed topojson@latest
43 verbose addNamed "latest" is being treated as a dist-tag for topojson
44 info addNameTag [ 'topojson', 'latest' ]
45 silly mapToRegistry name topojson
46 silly mapToRegistry using default registry
47 silly mapToRegistry registry https://registry.npmjs.org/
48 silly mapToRegistry data Result {
48 silly mapToRegistry   raw: 'topojson',
48 silly mapToRegistry   scope: null,
48 silly mapToRegistry   escapedName: 'topojson',
48 silly mapToRegistry   name: 'topojson',
48 silly mapToRegistry   rawSpec: '',
48 silly mapToRegistry   spec: 'latest',
48 silly mapToRegistry   type: 'tag' }
49 silly mapToRegistry uri https://registry.npmjs.org/topojson
50 verbose addNameTag registry:https://registry.npmjs.org/topojson not in flight; fetching
51 verbose get https://registry.npmjs.org/topojson not expired, no request
52 silly addNameTag next cb for topojson with tag latest
53 silly addNamed topojson@3.0.2
54 verbose addNamed "3.0.2" is a plain semver version for topojson
55 silly mapToRegistry name topojson
56 silly mapToRegistry using default registry
57 silly mapToRegistry registry https://registry.npmjs.org/
58 silly mapToRegistry data Result {
58 silly mapToRegistry   raw: 'topojson',
58 silly mapToRegistry   scope: null,
58 silly mapToRegistry   escapedName: 'topojson',
58 silly mapToRegistry   name: 'topojson',
58 silly mapToRegistry   rawSpec: '',
58 silly mapToRegistry   spec: 'latest',
58 silly mapToRegistry   type: 'tag' }
59 silly mapToRegistry uri https://registry.npmjs.org/topojson
60 verbose addRemoteTarball https://registry.npmjs.org/topojson/-/topojson-3.0.2.tgz not in flight; adding
61 verbose addRemoteTarball [ 'https://registry.npmjs.org/topojson/-/topojson-3.0.2.tgz',
61 verbose addRemoteTarball   'fcb927306c3e0fa76656fa58deed4555d2346fb4' ]
62 info retry fetch attempt 1 at 6:05:30 PM
63 info attempt registry request try #1 at 6:05:30 PM
64 http fetch GET https://registry.npmjs.org/topojson/-/topojson-3.0.2.tgz
65 verbose request using bearer token for auth
66 http fetch 200 https://registry.npmjs.org/topojson/-/topojson-3.0.2.tgz
67 silly fetchAndShaCheck shasum fcb927306c3e0fa76656fa58deed4555d2346fb4
68 verbose addTmpTarball C:\Users\DIVYAN~1\AppData\Local\Temp\npm-12248-c3af36cd\registry.npmjs.org\topojson\-\topojson-3.0.2.tgz not in flight; adding
69 verbose addTmpTarball already have metadata; skipping unpack for topojson@3.0.2
70 verbose correctMkdir C:\Users\Divyansha\AppData\Roaming\npm-cache correctMkdir not in flight; initializing
71 silly cache afterAdd topojson@3.0.2
72 verbose afterAdd C:\Users\Divyansha\AppData\Roaming\npm-cache\topojson\3.0.2\package\package.json not in flight; writing
73 verbose correctMkdir C:\Users\Divyansha\AppData\Roaming\npm-cache correctMkdir not in flight; initializing
74 verbose afterAdd C:\Users\Divyansha\AppData\Roaming\npm-cache\topojson\3.0.2\package\package.json written
75 silly fetchNamedPackageData topojson-client
76 silly mapToRegistry name topojson-client
77 silly mapToRegistry using default registry
78 silly mapToRegistry registry https://registry.npmjs.org/
79 silly mapToRegistry data Result {
79 silly mapToRegistry   raw: 'topojson-client',
79 silly mapToRegistry   scope: null,
79 silly mapToRegistry   escapedName: 'topojson-client',
79 silly mapToRegistry   name: 'topojson-client',
79 silly mapToRegistry   rawSpec: '',
79 silly mapToRegistry   spec: 'latest',
79 silly mapToRegistry   type: 'tag' }
80 silly mapToRegistry uri https://registry.npmjs.org/topojson-client
81 silly fetchNamedPackageData topojson-simplify
82 silly mapToRegistry name topojson-simplify
83 silly mapToRegistry using default registry
84 silly mapToRegistry registry https://registry.npmjs.org/
85 silly mapToRegistry data Result {
85 silly mapToRegistry   raw: 'topojson-simplify',
85 silly mapToRegistry   scope: null,
85 silly mapToRegistry   escapedName: 'topojson-simplify',
85 silly mapToRegistry   name: 'topojson-simplify',
85 silly mapToRegistry   rawSpec: '',
85 silly mapToRegistry   spec: 'latest',
85 silly mapToRegistry   type: 'tag' }
86 silly mapToRegistry uri https://registry.npmjs.org/topojson-simplify
87 verbose request uri https://registry.npmjs.org/topojson-client
88 verbose request no auth needed
89 info attempt registry request try #1 at 6:05:30 PM
90 verbose request using bearer token for auth
91 http request GET https://registry.npmjs.org/topojson-client
92 verbose request uri https://registry.npmjs.org/topojson-simplify
93 verbose request no auth needed
94 info attempt registry request try #1 at 6:05:30 PM
95 verbose request using bearer token for auth
96 http request GET https://registry.npmjs.org/topojson-simplify
97 http 200 https://registry.npmjs.org/topojson-client
98 verbose headers { 'content-type': 'application/json; charset=UTF-8',
98 verbose headers   server: 'UploadServer',
98 verbose headers   'cache-control': 'max-age=300',
98 verbose headers   'last-modified': 'Fri, 31 Mar 2017 5:06:36 GMT',
98 verbose headers   etag: '"58dde3dc-7d14"',
98 verbose headers   'x-npm-region': 'US-East',
98 verbose headers   'content-encoding': 'gzip',
98 verbose headers   'content-length': '6614',
98 verbose headers   'accept-ranges': 'bytes',
98 verbose headers   date: 'Tue, 13 Mar 2018 22:05:28 GMT',
98 verbose headers   via: '1.1 varnish',
98 verbose headers   age: '13493',
98 verbose headers   connection: 'keep-alive',
98 verbose headers   'x-served-by': 'cache-bos8231-BOS',
98 verbose headers   'x-cache': 'HIT',
98 verbose headers   'x-cache-hits': '1',
98 verbose headers   'x-timer': 'S1520978728.314336,VS0,VE1',
98 verbose headers   vary: 'Accept-Encoding, Accept' }
99 silly get cb [ 200,
99 silly get   { 'content-type': 'application/json; charset=UTF-8',
99 silly get     server: 'UploadServer',
99 silly get     'cache-control': 'max-age=300',
99 silly get     'last-modified': 'Fri, 31 Mar 2017 5:06:36 GMT',
99 silly get     etag: '"58dde3dc-7d14"',
99 silly get     'x-npm-region': 'US-East',
99 silly get     'content-encoding': 'gzip',
99 silly get     'content-length': '6614',
99 silly get     'accept-ranges': 'bytes',
99 silly get     date: 'Tue, 13 Mar 2018 22:05:28 GMT',
99 silly get     via: '1.1 varnish',
99 silly get     age: '13493',
99 silly get     connection: 'keep-alive',
99 silly get     'x-served-by': 'cache-bos8231-BOS',
99 silly get     'x-cache': 'HIT',
99 silly get     'x-cache-hits': '1',
99 silly get     'x-timer': 'S1520978728.314336,VS0,VE1',
99 silly get     vary: 'Accept-Encoding, Accept' } ]
100 verbose get saving topojson-client to C:\Users\Divyansha\AppData\Roaming\npm-cache\registry.npmjs.org\topojson-client\.cache.json
101 verbose correctMkdir C:\Users\Divyansha\AppData\Roaming\npm-cache correctMkdir not in flight; initializing
102 silly resolveWithNewModule topojson-client@3.0.0 checking installable status
103 silly cache add args [ 'topojson-client@3.0.0', null ]
104 verbose cache add spec topojson-client@3.0.0
105 silly cache add parsed spec Result {
105 silly cache add   raw: 'topojson-client@3.0.0',
105 silly cache add   scope: null,
105 silly cache add   escapedName: 'topojson-client',
105 silly cache add   name: 'topojson-client',
105 silly cache add   rawSpec: '3.0.0',
105 silly cache add   spec: '3.0.0',
105 silly cache add   type: 'version' }
106 silly addNamed topojson-client@3.0.0
107 verbose addNamed "3.0.0" is a plain semver version for topojson-client
108 silly mapToRegistry name topojson-client
109 silly mapToRegistry using default registry
110 silly mapToRegistry registry https://registry.npmjs.org/
111 silly mapToRegistry data Result {
111 silly mapToRegistry   raw: 'topojson-client',
111 silly mapToRegistry   scope: null,
111 silly mapToRegistry   escapedName: 'topojson-client',
111 silly mapToRegistry   name: 'topojson-client',
111 silly mapToRegistry   rawSpec: '',
111 silly mapToRegistry   spec: 'latest',
111 silly mapToRegistry   type: 'tag' }
112 silly mapToRegistry uri https://registry.npmjs.org/topojson-client
113 verbose addNameVersion registry:https://registry.npmjs.org/topojson-client not in flight; fetching
114 verbose get https://registry.npmjs.org/topojson-client not expired, no request
115 silly mapToRegistry name topojson-client
116 silly mapToRegistry using default registry
117 silly mapToRegistry registry https://registry.npmjs.org/
118 silly mapToRegistry data Result {
118 silly mapToRegistry   raw: 'topojson-client',
118 silly mapToRegistry   scope: null,
118 silly mapToRegistry   escapedName: 'topojson-client',
118 silly mapToRegistry   name: 'topojson-client',
118 silly mapToRegistry   rawSpec: '',
118 silly mapToRegistry   spec: 'latest',
118 silly mapToRegistry   type: 'tag' }
119 silly mapToRegistry uri https://registry.npmjs.org/topojson-client
120 verbose addRemoteTarball https://registry.npmjs.org/topojson-client/-/topojson-client-3.0.0.tgz not in flight; adding
121 verbose addRemoteTarball [ 'https://registry.npmjs.org/topojson-client/-/topojson-client-3.0.0.tgz',
121 verbose addRemoteTarball   '1f99293a77ef42a448d032a81aa982b73f360d2f' ]
122 info retry fetch attempt 1 at 6:05:30 PM
123 info attempt registry request try #1 at 6:05:30 PM
124 http fetch GET https://registry.npmjs.org/topojson-client/-/topojson-client-3.0.0.tgz
125 verbose request using bearer token for auth
126 http fetch 200 https://registry.npmjs.org/topojson-client/-/topojson-client-3.0.0.tgz
127 http 200 https://registry.npmjs.org/topojson-simplify
128 verbose headers { 'content-type': 'application/json; charset=UTF-8',
128 verbose headers   server: 'UploadServer',
128 verbose headers   'cache-control': 'max-age=300',
128 verbose headers   'last-modified': 'Mon, 31 Jul 2017 23:18:19 GMT',
128 verbose headers   etag: '"597fbabb-5bad"',
128 verbose headers   'x-npm-region': 'US-East',
128 verbose headers   'content-encoding': 'gzip',
128 verbose headers   'content-length': '4953',
128 verbose headers   'accept-ranges': 'bytes',
128 verbose headers   date: 'Tue, 13 Mar 2018 22:05:28 GMT',
128 verbose headers   via: '1.1 varnish',
128 verbose headers   age: '9882',
128 verbose headers   connection: 'keep-alive',
128 verbose headers   'x-served-by': 'cache-bos8230-BOS',
128 verbose headers   'x-cache': 'HIT',
128 verbose headers   'x-cache-hits': '1',
128 verbose headers   'x-timer': 'S1520978728.355889,VS0,VE1',
128 verbose headers   vary: 'Accept-Encoding, Accept' }
129 silly get cb [ 200,
129 silly get   { 'content-type': 'application/json; charset=UTF-8',
129 silly get     server: 'UploadServer',
129 silly get     'cache-control': 'max-age=300',
129 silly get     'last-modified': 'Mon, 31 Jul 2017 23:18:19 GMT',
129 silly get     etag: '"597fbabb-5bad"',
129 silly get     'x-npm-region': 'US-East',
129 silly get     'content-encoding': 'gzip',
129 silly get     'content-length': '4953',
129 silly get     'accept-ranges': 'bytes',
129 silly get     date: 'Tue, 13 Mar 2018 22:05:28 GMT',
129 silly get     via: '1.1 varnish',
129 silly get     age: '9882',
129 silly get     connection: 'keep-alive',
129 silly get     'x-served-by': 'cache-bos8230-BOS',
129 silly get     'x-cache': 'HIT',
129 silly get     'x-cache-hits': '1',
129 silly get     'x-timer': 'S1520978728.355889,VS0,VE1',
129 silly get     vary: 'Accept-Encoding, Accept' } ]
130 verbose get saving topojson-simplify to C:\Users\Divyansha\AppData\Roaming\npm-cache\registry.npmjs.org\topojson-simplify\.cache.json
131 verbose correctMkdir C:\Users\Divyansha\AppData\Roaming\npm-cache correctMkdir not in flight; initializing
132 silly fetchAndShaCheck shasum 1f99293a77ef42a448d032a81aa982b73f360d2f
133 verbose addTmpTarball C:\Users\DIVYAN~1\AppData\Local\Temp\npm-12248-c3af36cd\registry.npmjs.org\topojson-client\-\topojson-client-3.0.0.tgz not in flight; adding
134 verbose addTmpTarball already have metadata; skipping unpack for topojson-client@3.0.0
135 verbose correctMkdir C:\Users\Divyansha\AppData\Roaming\npm-cache correctMkdir not in flight; initializing
136 silly resolveWithNewModule topojson-simplify@3.0.2 checking installable status
137 silly cache add args [ 'topojson-simplify@3.0.2', null ]
138 verbose cache add spec topojson-simplify@3.0.2
139 silly cache add parsed spec Result {
139 silly cache add   raw: 'topojson-simplify@3.0.2',
139 silly cache add   scope: null,
139 silly cache add   escapedName: 'topojson-simplify',
139 silly cache add   name: 'topojson-simplify',
139 silly cache add   rawSpec: '3.0.2',
139 silly cache add   spec: '3.0.2',
139 silly cache add   type: 'version' }
140 silly addNamed topojson-simplify@3.0.2
141 verbose addNamed "3.0.2" is a plain semver version for topojson-simplify
142 silly mapToRegistry name topojson-simplify
143 silly mapToRegistry using default registry
144 silly mapToRegistry registry https://registry.npmjs.org/
145 silly mapToRegistry data Result {
145 silly mapToRegistry   raw: 'topojson-simplify',
145 silly mapToRegistry   scope: null,
145 silly mapToRegistry   escapedName: 'topojson-simplify',
145 silly mapToRegistry   name: 'topojson-simplify',
145 silly mapToRegistry   rawSpec: '',
145 silly mapToRegistry   spec: 'latest',
145 silly mapToRegistry   type: 'tag' }
146 silly mapToRegistry uri https://registry.npmjs.org/topojson-simplify
147 verbose addNameVersion registry:https://registry.npmjs.org/topojson-simplify not in flight; fetching
148 verbose get https://registry.npmjs.org/topojson-simplify not expired, no request
149 silly mapToRegistry name topojson-simplify
150 silly mapToRegistry using default registry
151 silly mapToRegistry registry https://registry.npmjs.org/
152 silly mapToRegistry data Result {
152 silly mapToRegistry   raw: 'topojson-simplify',
152 silly mapToRegistry   scope: null,
152 silly mapToRegistry   escapedName: 'topojson-simplify',
152 silly mapToRegistry   name: 'topojson-simplify',
152 silly mapToRegistry   rawSpec: '',
152 silly mapToRegistry   spec: 'latest',
152 silly mapToRegistry   type: 'tag' }
153 silly mapToRegistry uri https://registry.npmjs.org/topojson-simplify
154 verbose addRemoteTarball https://registry.npmjs.org/topojson-simplify/-/topojson-simplify-3.0.2.tgz not in flight; adding
155 verbose addRemoteTarball [ 'https://registry.npmjs.org/topojson-simplify/-/topojson-simplify-3.0.2.tgz',
155 verbose addRemoteTarball   '8a2403e639531500fafa0c6594e8b0fadebc2c02' ]
156 silly cache afterAdd topojson-client@3.0.0
157 verbose afterAdd C:\Users\Divyansha\AppData\Roaming\npm-cache\topojson-client\3.0.0\package\package.json not in flight; writing
158 verbose correctMkdir C:\Users\Divyansha\AppData\Roaming\npm-cache correctMkdir not in flight; initializing
159 info retry fetch attempt 1 at 6:05:30 PM
160 info attempt registry request try #1 at 6:05:30 PM
161 http fetch GET https://registry.npmjs.org/topojson-simplify/-/topojson-simplify-3.0.2.tgz
162 verbose request using bearer token for auth
163 verbose afterAdd C:\Users\Divyansha\AppData\Roaming\npm-cache\topojson-client\3.0.0\package\package.json written
164 http fetch 200 https://registry.npmjs.org/topojson-simplify/-/topojson-simplify-3.0.2.tgz
165 silly fetchAndShaCheck shasum 8a2403e639531500fafa0c6594e8b0fadebc2c02
166 verbose addTmpTarball C:\Users\DIVYAN~1\AppData\Local\Temp\npm-12248-c3af36cd\registry.npmjs.org\topojson-simplify\-\topojson-simplify-3.0.2.tgz not in flight; adding
167 verbose addTmpTarball already have metadata; skipping unpack for topojson-simplify@3.0.2
168 verbose correctMkdir C:\Users\Divyansha\AppData\Roaming\npm-cache correctMkdir not in flight; initializing
169 silly cache afterAdd topojson-simplify@3.0.2
170 verbose afterAdd C:\Users\Divyansha\AppData\Roaming\npm-cache\topojson-simplify\3.0.2\package\package.json not in flight; writing
171 verbose correctMkdir C:\Users\Divyansha\AppData\Roaming\npm-cache correctMkdir not in flight; initializing
172 verbose afterAdd C:\Users\Divyansha\AppData\Roaming\npm-cache\topojson-simplify\3.0.2\package\package.json written
173 silly loadAllDepsIntoIdealTree Finishing
174 silly loadIdealTree Finishing
175 silly currentTree Divyansha
175 silly currentTree +-- accepts@1.3.5
175 silly currentTree +-- angular-meteor@1.3.11
175 silly currentTree +-- angular@1.6.3
175 silly currentTree +-- ansi-regex@0.2.1
175 silly currentTree +-- ansi-styles@1.1.0
175 silly currentTree +-- array-flatten@1.1.1
175 silly currentTree +-- babel-runtime@6.23.0
175 silly currentTree +-- body-parser@1.18.2
175 silly currentTree +-- bootstrap@3.3.7
175 silly currentTree +-- bytes@3.0.0
175 silly currentTree +-- chalk@0.5.1
175 silly currentTree +-- commander@2.15.0
175 silly currentTree +-- content-disposition@0.5.2
175 silly currentTree +-- content-type@1.0.4
175 silly currentTree +-- cookie-signature@1.0.6
175 silly currentTree +-- cookie@0.3.1
175 silly currentTree +-- core-js@2.4.1
175 silly currentTree +-- debug@2.6.9
175 silly currentTree +-- depd@1.1.2
175 silly currentTree +-- destroy@1.0.4
175 silly currentTree +-- ee-first@1.1.1
175 silly currentTree +-- encodeurl@1.0.2
175 silly currentTree +-- escape-html@1.0.3
175 silly currentTree +-- escape-string-regexp@1.0.5
175 silly currentTree +-- etag@1.8.1
175 silly currentTree +-- express@4.16.2
175 silly currentTree +-- finalhandler@1.1.0
175 silly currentTree +-- forwarded@0.1.2
175 silly currentTree +-- fresh@0.5.2
175 silly currentTree +-- has-ansi@0.1.0
175 silly currentTree +-- http-errors@1.6.2
175 silly currentTree | +-- depd@1.1.1
175 silly currentTree | `-- setprototypeof@1.0.3
175 silly currentTree +-- iconv-lite@0.4.19
175 silly currentTree +-- inherits@2.0.3
175 silly currentTree +-- ipaddr.js@1.6.0
175 silly currentTree +-- jsondiffpatch@0.1.43
175 silly currentTree +-- media-typer@0.3.0
175 silly currentTree +-- merge-descriptors@1.0.1
175 silly currentTree +-- methods@1.1.2
175 silly currentTree +-- mime-db@1.33.0
175 silly currentTree +-- mime-types@2.1.18
175 silly currentTree +-- mime@1.4.1
175 silly currentTree +-- ms@2.0.0
175 silly currentTree +-- negotiator@0.6.1
175 silly currentTree +-- on-finished@2.3.0
175 silly currentTree +-- parseurl@1.3.2
175 silly currentTree +-- path-to-regexp@0.1.7
175 silly currentTree +-- proxy-addr@2.0.3
175 silly currentTree +-- qs@6.5.1
175 silly currentTree +-- range-parser@1.2.0
175 silly currentTree +-- raw-body@2.3.2
175 silly currentTree +-- regenerator-runtime@0.10.3
175 silly currentTree +-- safe-buffer@5.1.1
175 silly currentTree +-- send@0.16.1
175 silly currentTree +-- serve-static@1.13.1
175 silly currentTree +-- setprototypeof@1.1.0
175 silly currentTree +-- statuses@1.3.1
175 silly currentTree +-- strip-ansi@0.3.0
175 silly currentTree +-- supports-color@0.2.0
175 silly currentTree +-- topojson-server@3.0.0
175 silly currentTree +-- type-is@1.6.16
175 silly currentTree +-- underscore@1.8.3
175 silly currentTree +-- unpipe@1.0.0
175 silly currentTree +-- utils-merge@1.0.1
175 silly currentTree `-- vary@1.1.2
176 silly idealTree Divyansha
176 silly idealTree +-- accepts@1.3.5
176 silly idealTree +-- angular-meteor@1.3.11
176 silly idealTree +-- angular@1.6.3
176 silly idealTree +-- ansi-regex@0.2.1
176 silly idealTree +-- ansi-styles@1.1.0
176 silly idealTree +-- array-flatten@1.1.1
176 silly idealTree +-- babel-runtime@6.23.0
176 silly idealTree +-- body-parser@1.18.2
176 silly idealTree +-- bootstrap@3.3.7
176 silly idealTree +-- bytes@3.0.0
176 silly idealTree +-- chalk@0.5.1
176 silly idealTree +-- commander@2.15.0
176 silly idealTree +-- content-disposition@0.5.2
176 silly idealTree +-- content-type@1.0.4
176 silly idealTree +-- cookie-signature@1.0.6
176 silly idealTree +-- cookie@0.3.1
176 silly idealTree +-- core-js@2.4.1
176 silly idealTree +-- debug@2.6.9
176 silly idealTree +-- depd@1.1.2
176 silly idealTree +-- destroy@1.0.4
176 silly idealTree +-- ee-first@1.1.1
176 silly idealTree +-- encodeurl@1.0.2
176 silly idealTree +-- escape-html@1.0.3
176 silly idealTree +-- escape-string-regexp@1.0.5
176 silly idealTree +-- etag@1.8.1
176 silly idealTree +-- express@4.16.2
176 silly idealTree +-- finalhandler@1.1.0
176 silly idealTree +-- forwarded@0.1.2
176 silly idealTree +-- fresh@0.5.2
176 silly idealTree +-- has-ansi@0.1.0
176 silly idealTree +-- http-errors@1.6.2
176 silly idealTree | +-- depd@1.1.1
176 silly idealTree | `-- setprototypeof@1.0.3
176 silly idealTree +-- iconv-lite@0.4.19
176 silly idealTree +-- inherits@2.0.3
176 silly idealTree +-- ipaddr.js@1.6.0
176 silly idealTree +-- jsondiffpatch@0.1.43
176 silly idealTree +-- media-typer@0.3.0
176 silly idealTree +-- merge-descriptors@1.0.1
176 silly idealTree +-- methods@1.1.2
176 silly idealTree +-- mime-db@1.33.0
176 silly idealTree +-- mime-types@2.1.18
176 silly idealTree +-- mime@1.4.1
176 silly idealTree +-- ms@2.0.0
176 silly idealTree +-- negotiator@0.6.1
176 silly idealTree +-- on-finished@2.3.0
176 silly idealTree +-- parseurl@1.3.2
176 silly idealTree +-- path-to-regexp@0.1.7
176 silly idealTree +-- proxy-addr@2.0.3
176 silly idealTree +-- qs@6.5.1
176 silly idealTree +-- range-parser@1.2.0
176 silly idealTree +-- raw-body@2.3.2
176 silly idealTree +-- regenerator-runtime@0.10.3
176 silly idealTree +-- safe-buffer@5.1.1
176 silly idealTree +-- send@0.16.1
176 silly idealTree +-- serve-static@1.13.1
176 silly idealTree +-- setprototypeof@1.1.0
176 silly idealTree +-- statuses@1.3.1
176 silly idealTree +-- strip-ansi@0.3.0
176 silly idealTree +-- supports-color@0.2.0
176 silly idealTree +-- topojson-server@3.0.0
176 silly idealTree +-- topojson@3.0.2
176 silly idealTree | +-- topojson-client@3.0.0
176 silly idealTree | `-- topojson-simplify@3.0.2
176 silly idealTree +-- type-is@1.6.16
176 silly idealTree +-- underscore@1.8.3
176 silly idealTree +-- unpipe@1.0.0
176 silly idealTree +-- utils-merge@1.0.1
176 silly idealTree `-- vary@1.1.2
177 silly generateActionsToTake Starting
178 silly install generateActionsToTake
179 silly generateActionsToTake Finishing
180 silly diffTrees action count 3
181 silly diffTrees add topojson-client@3.0.0
182 silly diffTrees add topojson-simplify@3.0.2
183 silly diffTrees add topojson@3.0.2
184 silly decomposeActions action count 24
185 silly decomposeActions fetch topojson-client@3.0.0
186 silly decomposeActions extract topojson-client@3.0.0
187 silly decomposeActions test topojson-client@3.0.0
188 silly decomposeActions preinstall topojson-client@3.0.0
189 silly decomposeActions build topojson-client@3.0.0
190 silly decomposeActions install topojson-client@3.0.0
191 silly decomposeActions postinstall topojson-client@3.0.0
192 silly decomposeActions finalize topojson-client@3.0.0
193 silly decomposeActions fetch topojson-simplify@3.0.2
194 silly decomposeActions extract topojson-simplify@3.0.2
195 silly decomposeActions test topojson-simplify@3.0.2
196 silly decomposeActions preinstall topojson-simplify@3.0.2
197 silly decomposeActions build topojson-simplify@3.0.2
198 silly decomposeActions install topojson-simplify@3.0.2
199 silly decomposeActions postinstall topojson-simplify@3.0.2
200 silly decomposeActions finalize topojson-simplify@3.0.2
201 silly decomposeActions fetch topojson@3.0.2
202 silly decomposeActions extract topojson@3.0.2
203 silly decomposeActions test topojson@3.0.2
204 silly decomposeActions preinstall topojson@3.0.2
205 silly decomposeActions build topojson@3.0.2
206 silly decomposeActions install topojson@3.0.2
207 silly decomposeActions postinstall topojson@3.0.2
208 silly decomposeActions finalize topojson@3.0.2
209 silly runTopLevelLifecycles Starting
210 silly executeActions Starting
211 silly install executeActions
212 silly doSerial global-install 0
213 silly doParallel fetch 3
214 verbose correctMkdir C:\Users\Divyansha\AppData\Roaming\npm-cache\_locks correctMkdir not in flight; initializing
215 verbose lock using C:\Users\Divyansha\AppData\Roaming\npm-cache\_locks\staging-fd5f1ee74b9802e0.lock for C:\Users\Divyansha\node_modules\.staging
216 silly doParallel extract 3
217 silly extract topojson-client@3.0.0
218 silly extract topojson-simplify@3.0.2
219 silly extract topojson@3.0.2
220 verbose unbuild node_modules\.staging\topojson-simplify-30a941eb
221 verbose unbuild node_modules\.staging\topojson-client-fdedfb8a
222 verbose unbuild node_modules\.staging\topojson-46c46595
223 silly gentlyRm C:\Users\Divyansha\node_modules\.staging\topojson-simplify-30a941eb is being purged from base C:\Users\Divyansha
224 verbose gentlyRm don't care about contents; nuking C:\Users\Divyansha\node_modules\.staging\topojson-simplify-30a941eb
225 silly gentlyRm C:\Users\Divyansha\node_modules\.staging\topojson-client-fdedfb8a is being purged from base C:\Users\Divyansha
226 verbose gentlyRm don't care about contents; nuking C:\Users\Divyansha\node_modules\.staging\topojson-client-fdedfb8a
227 verbose tar unpack C:\Users\Divyansha\AppData\Roaming\npm-cache\topojson-simplify\3.0.2\package.tgz
228 verbose tar unpacking to C:\Users\Divyansha\node_modules\.staging\topojson-simplify-30a941eb
229 silly gentlyRm C:\Users\Divyansha\node_modules\.staging\topojson-simplify-30a941eb is being purged
230 verbose gentlyRm don't care about contents; nuking C:\Users\Divyansha\node_modules\.staging\topojson-simplify-30a941eb
231 silly gentlyRm C:\Users\Divyansha\node_modules\.staging\topojson-46c46595 is being purged from base C:\Users\Divyansha
232 verbose gentlyRm don't care about contents; nuking C:\Users\Divyansha\node_modules\.staging\topojson-46c46595
233 verbose tar unpack C:\Users\Divyansha\AppData\Roaming\npm-cache\topojson-client\3.0.0\package.tgz
234 verbose tar unpacking to C:\Users\Divyansha\node_modules\.staging\topojson-client-fdedfb8a
235 silly gentlyRm C:\Users\Divyansha\node_modules\.staging\topojson-client-fdedfb8a is being purged
236 verbose gentlyRm don't care about contents; nuking C:\Users\Divyansha\node_modules\.staging\topojson-client-fdedfb8a
237 silly gunzTarPerm modes [ '777', '666' ]
238 verbose tar unpack C:\Users\Divyansha\AppData\Roaming\npm-cache\topojson\3.0.2\package.tgz
239 verbose tar unpacking to C:\Users\Divyansha\node_modules\.staging\topojson-46c46595
240 silly gentlyRm C:\Users\Divyansha\node_modules\.staging\topojson-46c46595 is being purged
241 verbose gentlyRm don't care about contents; nuking C:\Users\Divyansha\node_modules\.staging\topojson-46c46595
242 silly gunzTarPerm modes [ '777', '666' ]
243 silly gunzTarPerm modes [ '777', '666' ]
244 silly gunzTarPerm extractEntry package.json
245 silly gunzTarPerm modified mode [ 'package.json', 420, 438 ]
246 silly gunzTarPerm extractEntry package.json
247 silly gunzTarPerm modified mode [ 'package.json', 420, 438 ]
248 silly gunzTarPerm extractEntry package.json
249 silly gunzTarPerm modified mode [ 'package.json', 420, 438 ]
250 silly gunzTarPerm extractEntry .npmignore
251 silly gunzTarPerm modified mode [ '.npmignore', 420, 438 ]
252 silly gunzTarPerm extractEntry README.md
253 silly gunzTarPerm modified mode [ 'README.md', 420, 438 ]
254 silly gunzTarPerm extractEntry .npmignore
255 silly gunzTarPerm modified mode [ '.npmignore', 420, 438 ]
256 silly gunzTarPerm extractEntry README.md
257 silly gunzTarPerm modified mode [ 'README.md', 420, 438 ]
258 silly gunzTarPerm extractEntry .npmignore
259 silly gunzTarPerm modified mode [ '.npmignore', 420, 438 ]
260 silly gunzTarPerm extractEntry README.md
261 silly gunzTarPerm modified mode [ 'README.md', 420, 438 ]
262 silly gunzTarPerm extractEntry index.js
263 silly gunzTarPerm modified mode [ 'index.js', 420, 438 ]
264 silly gunzTarPerm extractEntry index.js
265 silly gunzTarPerm modified mode [ 'index.js', 420, 438 ]
266 silly gunzTarPerm extractEntry rollup.config.js
267 silly gunzTarPerm modified mode [ 'rollup.config.js', 420, 438 ]
268 silly gunzTarPerm extractEntry index.js
269 silly gunzTarPerm modified mode [ 'index.js', 420, 438 ]
270 silly gunzTarPerm extractEntry rollup.node.js
271 silly gunzTarPerm modified mode [ 'rollup.node.js', 420, 438 ]
272 silly gunzTarPerm extractEntry dist/topojson.js
273 silly gunzTarPerm modified mode [ 'dist/topojson.js', 420, 438 ]
274 silly gunzTarPerm extractEntry .eslintrc
275 silly gunzTarPerm modified mode [ '.eslintrc', 420, 438 ]
276 silly gunzTarPerm extractEntry bin/toposimplify
277 silly gunzTarPerm modified mode [ 'bin/toposimplify', 493, 511 ]
278 silly gunzTarPerm extractEntry .eslintrc
279 silly gunzTarPerm modified mode [ '.eslintrc', 420, 438 ]
280 silly gunzTarPerm extractEntry bin/topo2geo
281 silly gunzTarPerm modified mode [ 'bin/topo2geo', 493, 511 ]
282 silly gunzTarPerm extractEntry dist/topojson-simplify.js
283 silly gunzTarPerm modified mode [ 'dist/topojson-simplify.js', 420, 438 ]
284 silly gunzTarPerm extractEntry dist/topojson-simplify.min.js
285 silly gunzTarPerm modified mode [ 'dist/topojson-simplify.min.js', 420, 438 ]
286 silly gunzTarPerm extractEntry bin/topomerge
287 silly gunzTarPerm modified mode [ 'bin/topomerge', 493, 511 ]
288 silly gunzTarPerm extractEntry bin/topoquantize
289 silly gunzTarPerm modified mode [ 'bin/topoquantize', 493, 511 ]
290 silly gunzTarPerm extractEntry dist/topojson.min.js
291 silly gunzTarPerm modified mode [ 'dist/topojson.min.js', 420, 438 ]
292 silly gunzTarPerm extractEntry dist/topojson-client.js
293 silly gunzTarPerm modified mode [ 'dist/topojson-client.js', 420, 438 ]
294 silly gunzTarPerm extractEntry dist/topojson-client.min.js
295 silly gunzTarPerm modified mode [ 'dist/topojson-client.min.js', 420, 438 ]
296 silly gunzTarPerm extractEntry LICENSE.md
297 silly gunzTarPerm modified mode [ 'LICENSE.md', 420, 438 ]
298 silly gunzTarPerm extractEntry src/filter.js
299 silly gunzTarPerm modified mode [ 'src/filter.js', 420, 438 ]
300 silly gunzTarPerm extractEntry dist/topojson.node.js
301 silly gunzTarPerm modified mode [ 'dist/topojson.node.js', 420, 438 ]
302 silly gunzTarPerm extractEntry LICENSE.md
303 silly gunzTarPerm modified mode [ 'LICENSE.md', 420, 438 ]
304 silly gunzTarPerm extractEntry LICENSE.md
305 silly gunzTarPerm modified mode [ 'LICENSE.md', 420, 438 ]
306 silly gunzTarPerm extractEntry src/bbox.js
307 silly gunzTarPerm modified mode [ 'src/bbox.js', 420, 438 ]
308 silly gunzTarPerm extractEntry src/filterAttachedWeight.js
309 silly gunzTarPerm modified mode [ 'src/filterAttachedWeight.js', 420, 438 ]
310 silly gunzTarPerm extractEntry src/filterWeight.js
311 silly gunzTarPerm modified mode [ 'src/filterWeight.js', 420, 438 ]
312 silly gunzTarPerm extractEntry src/feature.js
313 silly gunzTarPerm modified mode [ 'src/feature.js', 420, 438 ]
314 silly gunzTarPerm extractEntry src/identity.js
315 silly gunzTarPerm modified mode [ 'src/identity.js', 420, 438 ]
316 silly gunzTarPerm extractEntry src/heap.js
317 silly gunzTarPerm modified mode [ 'src/heap.js', 420, 438 ]
318 silly gunzTarPerm extractEntry src/filterAttached.js
319 silly gunzTarPerm modified mode [ 'src/filterAttached.js', 420, 438 ]
320 silly gunzTarPerm extractEntry src/merge.js
321 silly gunzTarPerm modified mode [ 'src/merge.js', 420, 438 ]
322 silly gunzTarPerm extractEntry src/mesh.js
323 silly gunzTarPerm modified mode [ 'src/mesh.js', 420, 438 ]
324 silly gunzTarPerm extractEntry src/presimplify.js
325 silly gunzTarPerm modified mode [ 'src/presimplify.js', 420, 438 ]
326 silly gunzTarPerm extractEntry src/prune.js
327 silly gunzTarPerm modified mode [ 'src/prune.js', 420, 438 ]
328 silly gunzTarPerm extractEntry src/bisect.js
329 silly gunzTarPerm modified mode [ 'src/bisect.js', 420, 438 ]
330 silly gunzTarPerm extractEntry src/quantize.js
331 silly gunzTarPerm modified mode [ 'src/quantize.js', 420, 438 ]
332 silly gunzTarPerm extractEntry src/quantile.js
333 silly gunzTarPerm modified mode [ 'src/quantile.js', 420, 438 ]
334 silly gunzTarPerm extractEntry src/simplify.js
335 silly gunzTarPerm modified mode [ 'src/simplify.js', 420, 438 ]
336 silly gunzTarPerm extractEntry src/reverse.js
337 silly gunzTarPerm modified mode [ 'src/reverse.js', 420, 438 ]
338 silly gunzTarPerm extractEntry src/stitch.js
339 silly gunzTarPerm modified mode [ 'src/stitch.js', 420, 438 ]
340 silly gunzTarPerm extractEntry src/spherical.js
341 silly gunzTarPerm modified mode [ 'src/spherical.js', 420, 438 ]
342 silly gunzTarPerm extractEntry src/planar.js
343 silly gunzTarPerm modified mode [ 'src/planar.js', 420, 438 ]
344 silly gunzTarPerm extractEntry src/transform.js
345 silly gunzTarPerm modified mode [ 'src/transform.js', 420, 438 ]
346 silly gunzTarPerm extractEntry src/untransform.js
347 silly gunzTarPerm modified mode [ 'src/untransform.js', 420, 438 ]
348 silly gunzTarPerm extractEntry src/neighbors.js
349 silly gunzTarPerm modified mode [ 'src/neighbors.js', 420, 438 ]
350 silly gentlyRm C:\Users\Divyansha\node_modules\.staging\topojson-46c46595\node_modules is being purged
351 verbose gentlyRm don't care about contents; nuking C:\Users\Divyansha\node_modules\.staging\topojson-46c46595\node_modules
352 silly gentlyRm C:\Users\Divyansha\node_modules\.staging\topojson-simplify-30a941eb\node_modules is being purged
353 verbose gentlyRm don't care about contents; nuking C:\Users\Divyansha\node_modules\.staging\topojson-simplify-30a941eb\node_modules
354 silly gentlyRm C:\Users\Divyansha\node_modules\.staging\topojson-client-fdedfb8a\node_modules is being purged
355 verbose gentlyRm don't care about contents; nuking C:\Users\Divyansha\node_modules\.staging\topojson-client-fdedfb8a\node_modules
356 silly doParallel preinstall 3
357 silly preinstall topojson-client@3.0.0 C:\Users\Divyansha\node_modules\.staging\topojson-client-fdedfb8a
358 info lifecycle topojson-client@3.0.0~preinstall: topojson-client@3.0.0
359 silly preinstall topojson-simplify@3.0.2 C:\Users\Divyansha\node_modules\.staging\topojson-simplify-30a941eb
360 info lifecycle topojson-simplify@3.0.2~preinstall: topojson-simplify@3.0.2
361 silly preinstall topojson@3.0.2 C:\Users\Divyansha\node_modules\.staging\topojson-46c46595
362 info lifecycle topojson@3.0.2~preinstall: topojson@3.0.2
363 silly lifecycle topojson-client@3.0.0~preinstall: no script for preinstall, continuing
364 silly lifecycle topojson-simplify@3.0.2~preinstall: no script for preinstall, continuing
365 silly lifecycle topojson@3.0.2~preinstall: no script for preinstall, continuing
366 silly doReverseSerial remove 0
367 silly doSerial move 0
368 silly doSerial finalize 3
369 silly finalize C:\Users\Divyansha\node_modules\topojson\node_modules\topojson-client
370 silly finalize C:\Users\Divyansha\node_modules\topojson\node_modules\topojson-simplify
371 silly finalize C:\Users\Divyansha\node_modules\topojson
372 silly doSerial build 3
373 silly build topojson-client@3.0.0
374 info linkStuff topojson-client@3.0.0
375 silly linkStuff topojson-client@3.0.0 has C:\Users\Divyansha\node_modules\topojson\node_modules as its parent node_modules
376 verbose linkBins topojson-client@3.0.0
377 verbose link bins [ { topo2geo: 'bin/topo2geo',
377 verbose link bins     topomerge: 'bin/topomerge',
377 verbose link bins     topoquantize: 'bin/topoquantize' },
377 verbose link bins   'C:\\Users\\Divyansha\\node_modules\\topojson\\node_modules\\.bin',
377 verbose link bins   false ]
378 verbose linkMans topojson-client@3.0.0
379 silly build topojson-simplify@3.0.2
380 info linkStuff topojson-simplify@3.0.2
381 silly linkStuff topojson-simplify@3.0.2 has C:\Users\Divyansha\node_modules\topojson\node_modules as its parent node_modules
382 verbose linkBins topojson-simplify@3.0.2
383 verbose link bins [ { toposimplify: 'bin/toposimplify' },
383 verbose link bins   'C:\\Users\\Divyansha\\node_modules\\topojson\\node_modules\\.bin',
383 verbose link bins   false ]
384 verbose linkMans topojson-simplify@3.0.2
385 silly build topojson@3.0.2
386 info linkStuff topojson@3.0.2
387 silly linkStuff topojson@3.0.2 has C:\Users\Divyansha\node_modules as its parent node_modules
388 verbose linkBins topojson@3.0.2
389 verbose link bins [ { geo2topo: 'node_modules/topojson-server/bin/geo2topo',
389 verbose link bins     toposimplify: 'node_modules/topojson-simplify/bin/toposimplify',
389 verbose link bins     topo2geo: 'node_modules/topojson-client/bin/topo2geo',
389 verbose link bins     topomerge: 'node_modules/topojson-client/bin/topomerge',
389 verbose link bins     topoquantize: 'node_modules/topojson-client/bin/topoquantize' },
389 verbose link bins   'C:\\Users\\Divyansha\\node_modules\\.bin',
389 verbose link bins   false ]
390 verbose linkMans topojson@3.0.2
391 verbose unlock done using C:\Users\Divyansha\AppData\Roaming\npm-cache\_locks\staging-fd5f1ee74b9802e0.lock for C:\Users\Divyansha\node_modules\.staging
392 silly rollbackFailedOptional Starting
393 silly rollbackFailedOptional Finishing
394 silly runTopLevelLifecycles Finishing
395 silly install printInstalled
396 warn enoent ENOENT: no such file or directory, open 'C:\Users\Divyansha\package.json'
397 verbose enoent ENOENT: no such file or directory, open 'C:\Users\Divyansha\package.json'
397 verbose enoent This is most likely not a problem with npm itself
397 verbose enoent and is related to npm not being able to find a file.
398 warn Divyansha No description
399 verbose If you need help, you may report this error at:
399 verbose     <https://github.com/npm/npm/issues>
400 warn Divyansha No repository field.
401 verbose If you need help, you may report this error at:
401 verbose     <https://github.com/npm/npm/issues>
402 warn Divyansha No README data
403 verbose If you need help, you may report this error at:
403 verbose     <https://github.com/npm/npm/issues>
404 warn Divyansha No license field.
405 verbose If you need help, you may report this error at:
405 verbose     <https://github.com/npm/npm/issues>
406 verbose stack Error: ENOENT: no such file or directory, chmod 'C:\Users\Divyansha\node_modules\topojson\node_modules\topojson-server\bin\geo2topo'
406 verbose stack     at Error (native)
407 verbose cwd C:\Users\Divyansha\Desktop\info viz\news-viz
408 error Windows_NT 10.0.16299
409 error argv "C:\\Program Files\\nodejs\\node.exe" "C:\\Program Files\\nodejs\\node_modules\\npm\\bin\\npm-cli.js" "install" "topojson"
410 error node v6.10.0
411 error npm  v3.10.10
412 error path C:\Users\Divyansha\node_modules\topojson\node_modules\topojson-server\bin\geo2topo
413 error code ENOENT
414 error errno -4058
415 error syscall chmod
416 error enoent ENOENT: no such file or directory, chmod 'C:\Users\Divyansha\node_modules\topojson\node_modules\topojson-server\bin\geo2topo'
417 error enoent ENOENT: no such file or directory, chmod 'C:\Users\Divyansha\node_modules\topojson\node_modules\topojson-server\bin\geo2topo'
417 error enoent This is most likely not a problem with npm itself
417 error enoent and is related to npm not being able to find a file.
418 verbose exit [ -4058, true ]
